\BOOKMARK [0][-]{chapter.1}{\376\377\0001\000\040\000E\000i\000n\000l\000e\000i\000t\000u\000n\000g}{}% 1
\BOOKMARK [1][-]{section.1.1}{\376\377\0001\000.\0001\000\040\000B\000e\000i\000t\000r\000\344\000g\000e\000\040\000d\000i\000e\000s\000e\000r\000\040\000A\000r\000b\000e\000i\000t}{chapter.1}% 2
\BOOKMARK [1][-]{section.1.2}{\376\377\0001\000.\0002\000\040\000R\000e\000l\000a\000t\000e\000d\000\040\000W\000o\000r\000k}{chapter.1}% 3
\BOOKMARK [1][-]{section.1.3}{\376\377\0001\000.\0003\000\040\000A\000u\000f\000b\000a\000u\000\040\000d\000i\000e\000s\000e\000r\000\040\000A\000r\000b\000e\000i\000t}{chapter.1}% 4
\BOOKMARK [0][-]{chapter.2}{\376\377\0002\000\040\000C\000o\000l\000l\000a\000b\000S\000i\000m}{}% 5
\BOOKMARK [1][-]{section.2.1}{\376\377\0002\000.\0001\000\040\000\334\000b\000e\000r\000b\000l\000i\000c\000k}{chapter.2}% 6
\BOOKMARK [1][-]{section.2.2}{\376\377\0002\000.\0002\000\040\000V\000i\000r\000t\000u\000e\000l\000l\000e\000\040\000M\000a\000s\000c\000h\000i\000e\000n\000e}{chapter.2}% 7
\BOOKMARK [1][-]{section.2.3}{\376\377\0002\000.\0003\000\040\000W\000e\000b\000s\000e\000r\000v\000e\000r}{chapter.2}% 8
\BOOKMARK [1][-]{section.2.4}{\376\377\0002\000.\0004\000\040\000A\000c\000e}{chapter.2}% 9
\BOOKMARK [1][-]{section.2.5}{\376\377\0002\000.\0005\000\040\000I\000F\000r\000a\000m\000e}{chapter.2}% 10
\BOOKMARK [0][-]{chapter.3}{\376\377\0003\000\040\000N\000u\000t\000z\000e\000r\000t\000e\000s\000t}{}% 11
\BOOKMARK [1][-]{section.3.1}{\376\377\0003\000.\0001\000\040\000M\000e\000t\000h\000o\000d\000i\000k}{chapter.3}% 12
\BOOKMARK [1][-]{section.3.2}{\376\377\0003\000.\0002\000\040\000E\000x\000p\000e\000r\000i\000m\000e\000n\000t}{chapter.3}% 13
\BOOKMARK [1][-]{section.3.3}{\376\377\0003\000.\0003\000\040\000H\000y\000p\000o\000t\000h\000e\000s\000e\000n\000t\000e\000s\000t\000s}{chapter.3}% 14
\BOOKMARK [0][-]{chapter.4}{\376\377\0004\000\040\000E\000r\000g\000e\000b\000n\000i\000s\000s\000e\000\040\000u\000n\000d\000\040\000D\000i\000s\000k\000u\000s\000s\000i\000o\000n}{}% 15
\BOOKMARK [1][-]{section.4.1}{\376\377\0004\000.\0001\000\040\000E\000i\000g\000n\000u\000n\000g\000\040\000u\000n\000d\000\040\000S\000e\000l\000b\000s\000t\000e\000i\000n\000s\000c\000h\000\344\000t\000z\000u\000n\000g}{chapter.4}% 16
\BOOKMARK [1][-]{section.4.2}{\376\377\0004\000.\0002\000\040\000Z\000u\000f\000r\000i\000e\000d\000e\000n\000h\000e\000i\000t\000\040\000u\000n\000d\000\040\000E\000r\000l\000e\000r\000n\000b\000a\000r\000k\000e\000i\000t}{chapter.4}% 17
\BOOKMARK [1][-]{section.4.3}{\376\377\0004\000.\0003\000\040\000E\000f\000f\000i\000z\000e\000n\000z\000\040\000u\000n\000d\000\040\000N\000\374\000t\000z\000l\000i\000c\000h\000k\000e\000i\000t}{chapter.4}% 18
\BOOKMARK [1][-]{section.4.4}{\376\377\0004\000.\0004\000\040\000K\000o\000n\000k\000u\000r\000e\000n\000z\000f\000\344\000h\000i\000g\000k\000e\000i\000t\000\040\000u\000n\000d\000\040\000P\000o\000t\000e\000n\000t\000i\000a\000l}{chapter.4}% 19
\BOOKMARK [1][-]{section.4.5}{\376\377\0004\000.\0005\000\040\000E\000r\000f\000a\000h\000r\000u\000n\000g}{chapter.4}% 20
\BOOKMARK [1][-]{section.4.6}{\376\377\0004\000.\0006\000\040\000L\000i\000m\000i\000t\000a\000t\000i\000o\000n\000e\000n\000\040\000u\000n\000d\000\040\000F\000e\000h\000l\000e\000r\000m\000\366\000g\000l\000i\000c\000h\000k\000e\000i\000t\000e\000n}{chapter.4}% 21
\BOOKMARK [1][-]{section.4.7}{\376\377\0004\000.\0007\000\040\000S\000c\000h\000l\000u\000s\000s\000f\000o\000l\000g\000e\000r\000u\000n\000g\000e\000n}{chapter.4}% 22
\BOOKMARK [0][-]{chapter.5}{\376\377\0005\000\040\000Z\000u\000s\000a\000m\000m\000e\000n\000f\000a\000s\000s\000u\000n\000g\000\040\000u\000n\000d\000\040\000A\000u\000s\000b\000l\000i\000c\000k}{}% 23
\BOOKMARK [0][-]{chapter*.11}{\376\377\000L\000i\000t\000e\000r\000a\000t\000u\000r}{}% 24
